<?xml version="1.0" encoding="UTF-8"?>
<coverage generated="1675882948939" clover="3.2.0">
  <project timestamp="1675882948939" name="All files">
    <metrics statements="32" coveredstatements="32" conditionals="10" coveredconditionals="10" methods="8" coveredmethods="8" elements="50" coveredelements="50" complexity="0" loc="32" ncloc="32" packages="1" files="1" classes="1"/>
    <file name="inq.js" path="/Users/fluffy/Desktop/projects/text-based-adventure/functions/inq.js">
      <metrics statements="32" coveredstatements="32" conditionals="10" coveredconditionals="10" methods="8" coveredmethods="8"/>
      <line num="1" count="1" type="stmt"/>
      <line num="4" count="1" type="stmt"/>
      <line num="6" count="3" type="stmt"/>
      <line num="11" count="3" type="cond" truecount="2" falsecount="0"/>
      <line num="12" count="2" type="stmt"/>
      <line num="14" count="1" type="stmt"/>
      <line num="17" count="1" type="stmt"/>
      <line num="18" count="4" type="stmt"/>
      <line num="22" count="12" type="stmt"/>
      <line num="24" count="4" type="stmt"/>
      <line num="26" count="1" type="stmt"/>
      <line num="27" count="3" type="stmt"/>
      <line num="32" count="3" type="cond" truecount="2" falsecount="0"/>
      <line num="33" count="2" type="stmt"/>
      <line num="35" count="1" type="stmt"/>
      <line num="39" count="1" type="stmt"/>
      <line num="40" count="2" type="stmt"/>
      <line num="46" count="2" type="stmt"/>
      <line num="49" count="1" type="stmt"/>
      <line num="50" count="3" type="stmt"/>
      <line num="55" count="3" type="cond" truecount="2" falsecount="0"/>
      <line num="56" count="1" type="stmt"/>
      <line num="58" count="2" type="stmt"/>
      <line num="62" count="1" type="stmt"/>
      <line num="63" count="2" type="stmt"/>
      <line num="68" count="2" type="cond" truecount="2" falsecount="0"/>
      <line num="69" count="1" type="stmt"/>
      <line num="71" count="1" type="stmt"/>
      <line num="75" count="1" type="stmt"/>
      <line num="76" count="4" type="stmt"/>
      <line num="82" count="4" type="cond" truecount="2" falsecount="0"/>
      <line num="86" count="1" type="stmt"/>
    </file>
  </project>
</coverage>
