{"C:\\Users\\SSNLCA\\Documents\\text-based-adventure\\functions\\inq.js": {"path":"C:\\Users\\SSNLCA\\Documents\\text-based-adventure\\functions\\inq.js","statementMap":{"0":{"start":{"line":1,"column":17},"end":{"line":1,"column":36}},"1":{"start":{"line":4,"column":13},"end":{"line":15,"column":1}},"2":{"start":{"line":5,"column":26},"end":{"line":9,"column":6}},"3":{"start":{"line":10,"column":4},"end":{"line":14,"column":5}},"4":{"start":{"line":11,"column":8},"end":{"line":11,"column":33}},"5":{"start":{"line":13,"column":8},"end":{"line":13,"column":24}},"6":{"start":{"line":18,"column":21},"end":{"line":26,"column":1}},"7":{"start":{"line":19,"column":29},"end":{"line":24,"column":6}},"8":{"start":{"line":23,"column":39},"end":{"line":23,"column":45}},"9":{"start":{"line":25,"column":4},"end":{"line":25,"column":23}},"10":{"start":{"line":27,"column":16},"end":{"line":38,"column":1}},"11":{"start":{"line":28,"column":23},"end":{"line":32,"column":6}},"12":{"start":{"line":33,"column":4},"end":{"line":37,"column":5}},"13":{"start":{"line":34,"column":8},"end":{"line":34,"column":19}},"14":{"start":{"line":36,"column":8},"end":{"line":36,"column":20}},"15":{"start":{"line":40,"column":19},"end":{"line":48,"column":1}},"16":{"start":{"line":41,"column":23},"end":{"line":46,"column":6}},"17":{"start":{"line":47,"column":4},"end":{"line":47,"column":17}},"18":{"start":{"line":50,"column":18},"end":{"line":61,"column":1}},"19":{"start":{"line":51,"column":23},"end":{"line":55,"column":6}},"20":{"start":{"line":56,"column":4},"end":{"line":60,"column":5}},"21":{"start":{"line":57,"column":8},"end":{"line":57,"column":19}},"22":{"start":{"line":59,"column":8},"end":{"line":59,"column":20}},"23":{"start":{"line":63,"column":18},"end":{"line":74,"column":1}},"24":{"start":{"line":64,"column":23},"end":{"line":68,"column":6}},"25":{"start":{"line":69,"column":4},"end":{"line":73,"column":5}},"26":{"start":{"line":70,"column":8},"end":{"line":70,"column":19}},"27":{"start":{"line":72,"column":8},"end":{"line":72,"column":20}},"28":{"start":{"line":76,"column":21},"end":{"line":84,"column":1}},"29":{"start":{"line":77,"column":23},"end":{"line":82,"column":6}},"30":{"start":{"line":83,"column":4},"end":{"line":83,"column":42}},"31":{"start":{"line":87,"column":0},"end":{"line":95,"column":1}}},"fnMap":{"0":{"name":"(anonymous_0)","decl":{"start":{"line":4,"column":13},"end":{"line":4,"column":14}},"loc":{"start":{"line":4,"column":25},"end":{"line":15,"column":1}},"line":4},"1":{"name":"(anonymous_1)","decl":{"start":{"line":18,"column":21},"end":{"line":18,"column":22}},"loc":{"start":{"line":18,"column":40},"end":{"line":26,"column":1}},"line":18},"2":{"name":"(anonymous_2)","decl":{"start":{"line":23,"column":29},"end":{"line":23,"column":30}},"loc":{"start":{"line":23,"column":39},"end":{"line":23,"column":45}},"line":23},"3":{"name":"(anonymous_3)","decl":{"start":{"line":27,"column":16},"end":{"line":27,"column":17}},"loc":{"start":{"line":27,"column":28},"end":{"line":38,"column":1}},"line":27},"4":{"name":"(anonymous_4)","decl":{"start":{"line":40,"column":19},"end":{"line":40,"column":20}},"loc":{"start":{"line":40,"column":31},"end":{"line":48,"column":1}},"line":40},"5":{"name":"(anonymous_5)","decl":{"start":{"line":50,"column":18},"end":{"line":50,"column":19}},"loc":{"start":{"line":50,"column":30},"end":{"line":61,"column":1}},"line":50},"6":{"name":"(anonymous_6)","decl":{"start":{"line":63,"column":18},"end":{"line":63,"column":19}},"loc":{"start":{"line":63,"column":30},"end":{"line":74,"column":1}},"line":63},"7":{"name":"(anonymous_7)","decl":{"start":{"line":76,"column":21},"end":{"line":76,"column":22}},"loc":{"start":{"line":76,"column":33},"end":{"line":84,"column":1}},"line":76}},"branchMap":{"0":{"loc":{"start":{"line":10,"column":4},"end":{"line":14,"column":5}},"type":"if","locations":[{"start":{"line":10,"column":4},"end":{"line":14,"column":5}},{"start":{"line":12,"column":10},"end":{"line":14,"column":5}}],"line":10},"1":{"loc":{"start":{"line":33,"column":4},"end":{"line":37,"column":5}},"type":"if","locations":[{"start":{"line":33,"column":4},"end":{"line":37,"column":5}},{"start":{"line":35,"column":9},"end":{"line":37,"column":5}}],"line":33},"2":{"loc":{"start":{"line":56,"column":4},"end":{"line":60,"column":5}},"type":"if","locations":[{"start":{"line":56,"column":4},"end":{"line":60,"column":5}},{"start":{"line":58,"column":11},"end":{"line":60,"column":5}}],"line":56},"3":{"loc":{"start":{"line":69,"column":4},"end":{"line":73,"column":5}},"type":"if","locations":[{"start":{"line":69,"column":4},"end":{"line":73,"column":5}},{"start":{"line":71,"column":11},"end":{"line":73,"column":5}}],"line":69},"4":{"loc":{"start":{"line":83,"column":11},"end":{"line":83,"column":42}},"type":"cond-expr","locations":[{"start":{"line":83,"column":30},"end":{"line":83,"column":34}},{"start":{"line":83,"column":37},"end":{"line":83,"column":42}}],"line":83}},"s":{"0":1,"1":1,"2":3,"3":3,"4":2,"5":1,"6":1,"7":4,"8":12,"9":4,"10":1,"11":3,"12":3,"13":2,"14":1,"15":1,"16":2,"17":2,"18":1,"19":3,"20":3,"21":1,"22":2,"23":1,"24":2,"25":2,"26":1,"27":1,"28":1,"29":4,"30":4,"31":1},"f":{"0":3,"1":4,"2":12,"3":3,"4":2,"5":3,"6":2,"7":4},"b":{"0":[2,1],"1":[2,1],"2":[1,2],"3":[1,1],"4":[2,2]},"_coverageSchema":"1a1c01bbd47fc00a2c39e90264f33305004495a9","hash":"489a027d2bd1f7c58b1588f9f8806005319d12f6"}
}
