{"/Users/fluffy/Desktop/projects/text-based-adventure/functions/inq.js": {"path":"/Users/fluffy/Desktop/projects/text-based-adventure/functions/inq.js","statementMap":{"0":{"start":{"line":1,"column":17},"end":{"line":1,"column":36}},"1":{"start":{"line":4,"column":13},"end":{"line":16,"column":1}},"2":{"start":{"line":6,"column":26},"end":{"line":10,"column":6}},"3":{"start":{"line":11,"column":4},"end":{"line":15,"column":5}},"4":{"start":{"line":12,"column":8},"end":{"line":12,"column":33}},"5":{"start":{"line":14,"column":8},"end":{"line":14,"column":24}},"6":{"start":{"line":17,"column":21},"end":{"line":25,"column":1}},"7":{"start":{"line":18,"column":29},"end":{"line":23,"column":6}},"8":{"start":{"line":22,"column":39},"end":{"line":22,"column":45}},"9":{"start":{"line":24,"column":4},"end":{"line":24,"column":23}},"10":{"start":{"line":26,"column":16},"end":{"line":37,"column":1}},"11":{"start":{"line":27,"column":23},"end":{"line":31,"column":6}},"12":{"start":{"line":32,"column":4},"end":{"line":36,"column":5}},"13":{"start":{"line":33,"column":8},"end":{"line":33,"column":19}},"14":{"start":{"line":35,"column":8},"end":{"line":35,"column":20}},"15":{"start":{"line":39,"column":19},"end":{"line":47,"column":1}},"16":{"start":{"line":40,"column":23},"end":{"line":45,"column":6}},"17":{"start":{"line":46,"column":4},"end":{"line":46,"column":17}},"18":{"start":{"line":49,"column":18},"end":{"line":60,"column":1}},"19":{"start":{"line":50,"column":23},"end":{"line":54,"column":6}},"20":{"start":{"line":55,"column":4},"end":{"line":59,"column":5}},"21":{"start":{"line":56,"column":8},"end":{"line":56,"column":19}},"22":{"start":{"line":58,"column":8},"end":{"line":58,"column":20}},"23":{"start":{"line":62,"column":18},"end":{"line":73,"column":1}},"24":{"start":{"line":63,"column":23},"end":{"line":67,"column":6}},"25":{"start":{"line":68,"column":4},"end":{"line":72,"column":5}},"26":{"start":{"line":69,"column":8},"end":{"line":69,"column":19}},"27":{"start":{"line":71,"column":8},"end":{"line":71,"column":20}},"28":{"start":{"line":75,"column":21},"end":{"line":83,"column":1}},"29":{"start":{"line":76,"column":23},"end":{"line":81,"column":6}},"30":{"start":{"line":82,"column":4},"end":{"line":82,"column":42}},"31":{"start":{"line":86,"column":0},"end":{"line":94,"column":1}}},"fnMap":{"0":{"name":"(anonymous_0)","decl":{"start":{"line":4,"column":13},"end":{"line":4,"column":14}},"loc":{"start":{"line":4,"column":25},"end":{"line":16,"column":1}},"line":4},"1":{"name":"(anonymous_1)","decl":{"start":{"line":17,"column":21},"end":{"line":17,"column":22}},"loc":{"start":{"line":17,"column":40},"end":{"line":25,"column":1}},"line":17},"2":{"name":"(anonymous_2)","decl":{"start":{"line":22,"column":29},"end":{"line":22,"column":30}},"loc":{"start":{"line":22,"column":39},"end":{"line":22,"column":45}},"line":22},"3":{"name":"(anonymous_3)","decl":{"start":{"line":26,"column":16},"end":{"line":26,"column":17}},"loc":{"start":{"line":26,"column":28},"end":{"line":37,"column":1}},"line":26},"4":{"name":"(anonymous_4)","decl":{"start":{"line":39,"column":19},"end":{"line":39,"column":20}},"loc":{"start":{"line":39,"column":31},"end":{"line":47,"column":1}},"line":39},"5":{"name":"(anonymous_5)","decl":{"start":{"line":49,"column":18},"end":{"line":49,"column":19}},"loc":{"start":{"line":49,"column":30},"end":{"line":60,"column":1}},"line":49},"6":{"name":"(anonymous_6)","decl":{"start":{"line":62,"column":18},"end":{"line":62,"column":19}},"loc":{"start":{"line":62,"column":30},"end":{"line":73,"column":1}},"line":62},"7":{"name":"(anonymous_7)","decl":{"start":{"line":75,"column":21},"end":{"line":75,"column":22}},"loc":{"start":{"line":75,"column":33},"end":{"line":83,"column":1}},"line":75}},"branchMap":{"0":{"loc":{"start":{"line":11,"column":4},"end":{"line":15,"column":5}},"type":"if","locations":[{"start":{"line":11,"column":4},"end":{"line":15,"column":5}},{"start":{"line":13,"column":10},"end":{"line":15,"column":5}}],"line":11},"1":{"loc":{"start":{"line":32,"column":4},"end":{"line":36,"column":5}},"type":"if","locations":[{"start":{"line":32,"column":4},"end":{"line":36,"column":5}},{"start":{"line":34,"column":9},"end":{"line":36,"column":5}}],"line":32},"2":{"loc":{"start":{"line":55,"column":4},"end":{"line":59,"column":5}},"type":"if","locations":[{"start":{"line":55,"column":4},"end":{"line":59,"column":5}},{"start":{"line":57,"column":11},"end":{"line":59,"column":5}}],"line":55},"3":{"loc":{"start":{"line":68,"column":4},"end":{"line":72,"column":5}},"type":"if","locations":[{"start":{"line":68,"column":4},"end":{"line":72,"column":5}},{"start":{"line":70,"column":11},"end":{"line":72,"column":5}}],"line":68},"4":{"loc":{"start":{"line":82,"column":11},"end":{"line":82,"column":42}},"type":"cond-expr","locations":[{"start":{"line":82,"column":30},"end":{"line":82,"column":34}},{"start":{"line":82,"column":37},"end":{"line":82,"column":42}}],"line":82}},"s":{"0":1,"1":1,"2":3,"3":3,"4":2,"5":1,"6":1,"7":4,"8":12,"9":4,"10":1,"11":3,"12":3,"13":2,"14":1,"15":1,"16":2,"17":2,"18":1,"19":3,"20":3,"21":1,"22":2,"23":1,"24":2,"25":2,"26":1,"27":1,"28":1,"29":4,"30":4,"31":1},"f":{"0":3,"1":4,"2":12,"3":3,"4":2,"5":3,"6":2,"7":4},"b":{"0":[2,1],"1":[2,1],"2":[1,2],"3":[1,1],"4":[2,2]},"_coverageSchema":"1a1c01bbd47fc00a2c39e90264f33305004495a9","hash":"2f3675a5c01bd4ef9474d3d6d6ddef0da32f4f7f"}
}
