TN:
SF:functions/inq.js
FN:4,(anonymous_0)
FN:17,(anonymous_1)
FN:22,(anonymous_2)
FN:26,(anonymous_3)
FN:39,(anonymous_4)
FN:49,(anonymous_5)
FN:62,(anonymous_6)
FN:75,(anonymous_7)
FNF:8
FNH:8
FNDA:3,(anonymous_0)
FNDA:4,(anonymous_1)
FNDA:12,(anonymous_2)
FNDA:3,(anonymous_3)
FNDA:2,(anonymous_4)
FNDA:3,(anonymous_5)
FNDA:2,(anonymous_6)
FNDA:4,(anonymous_7)
DA:1,1
DA:4,1
DA:6,3
DA:11,3
DA:12,2
DA:14,1
DA:17,1
DA:18,4
DA:22,12
DA:24,4
DA:26,1
DA:27,3
DA:32,3
DA:33,2
DA:35,1
DA:39,1
DA:40,2
DA:46,2
DA:49,1
DA:50,3
DA:55,3
DA:56,1
DA:58,2
DA:62,1
DA:63,2
DA:68,2
DA:69,1
DA:71,1
DA:75,1
DA:76,4
DA:82,4
DA:86,1
LF:32
LH:32
BRDA:11,0,0,2
BRDA:11,0,1,1
BRDA:32,1,0,2
BRDA:32,1,1,1
BRDA:55,2,0,1
BRDA:55,2,1,2
BRDA:68,3,0,1
BRDA:68,3,1,1
BRDA:82,4,0,2
BRDA:82,4,1,2
BRF:10
BRH:10
end_of_record
