TN:
SF:functions\inq.js
FN:4,(anonymous_0)
FN:18,(anonymous_1)
FN:23,(anonymous_2)
FN:27,(anonymous_3)
FN:40,(anonymous_4)
FN:50,(anonymous_5)
FN:63,(anonymous_6)
FN:76,(anonymous_7)
FNF:8
FNH:8
FNDA:3,(anonymous_0)
FNDA:4,(anonymous_1)
FNDA:12,(anonymous_2)
FNDA:3,(anonymous_3)
FNDA:2,(anonymous_4)
FNDA:3,(anonymous_5)
FNDA:2,(anonymous_6)
FNDA:4,(anonymous_7)
DA:1,1
DA:4,1
DA:5,3
DA:10,3
DA:11,2
DA:13,1
DA:18,1
DA:19,4
DA:23,12
DA:25,4
DA:27,1
DA:28,3
DA:33,3
DA:34,2
DA:36,1
DA:40,1
DA:41,2
DA:47,2
DA:50,1
DA:51,3
DA:56,3
DA:57,1
DA:59,2
DA:63,1
DA:64,2
DA:69,2
DA:70,1
DA:72,1
DA:76,1
DA:77,4
DA:83,4
DA:87,1
LF:32
LH:32
BRDA:10,0,0,2
BRDA:10,0,1,1
BRDA:33,1,0,2
BRDA:33,1,1,1
BRDA:56,2,0,1
BRDA:56,2,1,2
BRDA:69,3,0,1
BRDA:69,3,1,1
BRDA:83,4,0,2
BRDA:83,4,1,2
BRF:10
BRH:10
end_of_record
